[debug] [2025-06-24T12:43:53.588Z] ----------------------------------------------------------------------
[debug] [2025-06-24T12:43:53.589Z] Command:       /Users/arjun/.nvm/versions/node/v22.15.0/bin/node /Users/arjun/.nvm/versions/node/v22.15.0/bin/firebase deploy --only functions
[debug] [2025-06-24T12:43:53.593Z] CLI Version:   14.4.0
[debug] [2025-06-24T12:43:53.593Z] Platform:      darwin
[debug] [2025-06-24T12:43:53.593Z] Node Version:  v22.15.0
[debug] [2025-06-24T12:43:53.594Z] Time:          Tue Jun 24 2025 18:13:53 GMT+0530 (India Standard Time)
[debug] [2025-06-24T12:43:53.594Z] ----------------------------------------------------------------------
[debug] 
[debug] [2025-06-24T12:43:53.678Z] > command requires scopes: ["email","openid","https://www.googleapis.com/auth/cloudplatformprojects.readonly","https://www.googleapis.com/auth/firebase","https://www.googleapis.com/auth/cloud-platform"]
[debug] [2025-06-24T12:43:53.678Z] > authorizing via signed-in user (karjunvarma2001@gmail.com)
[debug] [2025-06-24T12:43:53.678Z] [iam] checking project bondfyr-da123 for permissions ["cloudfunctions.functions.create","cloudfunctions.functions.delete","cloudfunctions.functions.get","cloudfunctions.functions.list","cloudfunctions.functions.update","cloudfunctions.operations.get","firebase.projects.get"]
[debug] [2025-06-24T12:43:53.679Z] Checked if tokens are valid: true, expires at: 1750772615542
[debug] [2025-06-24T12:43:53.679Z] Checked if tokens are valid: true, expires at: 1750772615542
[debug] [2025-06-24T12:43:53.679Z] >>> [apiv2][query] POST https://cloudresourcemanager.googleapis.com/v1/projects/bondfyr-da123:testIamPermissions [none]
[debug] [2025-06-24T12:43:53.679Z] >>> [apiv2][(partial)header] POST https://cloudresourcemanager.googleapis.com/v1/projects/bondfyr-da123:testIamPermissions x-goog-quota-user=projects/bondfyr-da123
[debug] [2025-06-24T12:43:53.679Z] >>> [apiv2][body] POST https://cloudresourcemanager.googleapis.com/v1/projects/bondfyr-da123:testIamPermissions {"permissions":["cloudfunctions.functions.create","cloudfunctions.functions.delete","cloudfunctions.functions.get","cloudfunctions.functions.list","cloudfunctions.functions.update","cloudfunctions.operations.get","firebase.projects.get"]}
[debug] [2025-06-24T12:43:55.333Z] <<< [apiv2][status] POST https://cloudresourcemanager.googleapis.com/v1/projects/bondfyr-da123:testIamPermissions 200
[debug] [2025-06-24T12:43:55.333Z] <<< [apiv2][body] POST https://cloudresourcemanager.googleapis.com/v1/projects/bondfyr-da123:testIamPermissions {"permissions":["cloudfunctions.functions.create","cloudfunctions.functions.delete","cloudfunctions.functions.get","cloudfunctions.functions.list","cloudfunctions.functions.update","cloudfunctions.operations.get","firebase.projects.get"]}
[debug] [2025-06-24T12:43:55.334Z] Checked if tokens are valid: true, expires at: 1750772615542
[debug] [2025-06-24T12:43:55.334Z] Checked if tokens are valid: true, expires at: 1750772615542
[debug] [2025-06-24T12:43:55.334Z] >>> [apiv2][query] POST https://iam.googleapis.com/v1/projects/bondfyr-da123/serviceAccounts/bondfyr-da123@appspot.gserviceaccount.com:testIamPermissions [none]
[debug] [2025-06-24T12:43:55.334Z] >>> [apiv2][body] POST https://iam.googleapis.com/v1/projects/bondfyr-da123/serviceAccounts/bondfyr-da123@appspot.gserviceaccount.com:testIamPermissions {"permissions":["iam.serviceAccounts.actAs"]}
[debug] [2025-06-24T12:43:57.390Z] <<< [apiv2][status] POST https://iam.googleapis.com/v1/projects/bondfyr-da123/serviceAccounts/bondfyr-da123@appspot.gserviceaccount.com:testIamPermissions 200
[debug] [2025-06-24T12:43:57.390Z] <<< [apiv2][body] POST https://iam.googleapis.com/v1/projects/bondfyr-da123/serviceAccounts/bondfyr-da123@appspot.gserviceaccount.com:testIamPermissions {"permissions":["iam.serviceAccounts.actAs"]}
[info] 
[info] === Deploying to 'bondfyr-da123'...
[info] 
[info] i  deploying functions 
[debug] [2025-06-24T12:43:57.395Z] Checked if tokens are valid: true, expires at: 1750772615542
[debug] [2025-06-24T12:43:57.395Z] Checked if tokens are valid: true, expires at: 1750772615542
[debug] [2025-06-24T12:43:57.395Z] >>> [apiv2][query] GET https://serviceusage.googleapis.com/v1/projects/bondfyr-da123/services/cloudresourcemanager.googleapis.com [none]
[debug] [2025-06-24T12:43:57.395Z] >>> [apiv2][(partial)header] GET https://serviceusage.googleapis.com/v1/projects/bondfyr-da123/services/cloudresourcemanager.googleapis.com x-goog-quota-user=projects/bondfyr-da123
[debug] [2025-06-24T12:43:59.338Z] <<< [apiv2][status] GET https://serviceusage.googleapis.com/v1/projects/bondfyr-da123/services/cloudresourcemanager.googleapis.com 200
[debug] [2025-06-24T12:43:59.338Z] <<< [apiv2][body] GET https://serviceusage.googleapis.com/v1/projects/bondfyr-da123/services/cloudresourcemanager.googleapis.com [omitted]
[debug] [2025-06-24T12:43:59.338Z] Checked if tokens are valid: true, expires at: 1750772615542
[debug] [2025-06-24T12:43:59.338Z] Checked if tokens are valid: true, expires at: 1750772615542
[debug] [2025-06-24T12:43:59.338Z] >>> [apiv2][query] GET https://cloudresourcemanager.googleapis.com/v1/projects/bondfyr-da123 [none]
[debug] [2025-06-24T12:43:59.713Z] <<< [apiv2][status] GET https://cloudresourcemanager.googleapis.com/v1/projects/bondfyr-da123 200
[debug] [2025-06-24T12:43:59.713Z] <<< [apiv2][body] GET https://cloudresourcemanager.googleapis.com/v1/projects/bondfyr-da123 {"projectNumber":"210827083189","projectId":"bondfyr-da123","lifecycleState":"ACTIVE","name":"Bondfyr","labels":{"firebase":"enabled","firebase-core":"disabled"},"createTime":"2025-03-24T11:00:19.873900Z"}
[info] i  functions: preparing codebase default for deployment 
[info] i  functions: ensuring required API cloudfunctions.googleapis.com is enabled... 
[debug] [2025-06-24T12:43:59.714Z] Checked if tokens are valid: true, expires at: 1750772615542
[debug] [2025-06-24T12:43:59.714Z] Checked if tokens are valid: true, expires at: 1750772615542
[debug] [2025-06-24T12:43:59.714Z] Checked if tokens are valid: true, expires at: 1750772615542
[debug] [2025-06-24T12:43:59.714Z] Checked if tokens are valid: true, expires at: 1750772615542
[info] i  functions: ensuring required API cloudbuild.googleapis.com is enabled... 
[debug] [2025-06-24T12:43:59.714Z] Checked if tokens are valid: true, expires at: 1750772615542
[debug] [2025-06-24T12:43:59.714Z] Checked if tokens are valid: true, expires at: 1750772615542
[info] i  artifactregistry: ensuring required API artifactregistry.googleapis.com is enabled... 
[debug] [2025-06-24T12:43:59.714Z] Checked if tokens are valid: true, expires at: 1750772615542
[debug] [2025-06-24T12:43:59.714Z] Checked if tokens are valid: true, expires at: 1750772615542
[debug] [2025-06-24T12:43:59.715Z] >>> [apiv2][query] GET https://serviceusage.googleapis.com/v1/projects/bondfyr-da123/services/cloudfunctions.googleapis.com [none]
[debug] [2025-06-24T12:43:59.715Z] >>> [apiv2][(partial)header] GET https://serviceusage.googleapis.com/v1/projects/bondfyr-da123/services/cloudfunctions.googleapis.com x-goog-quota-user=projects/bondfyr-da123
[debug] [2025-06-24T12:43:59.715Z] >>> [apiv2][query] GET https://serviceusage.googleapis.com/v1/projects/bondfyr-da123/services/runtimeconfig.googleapis.com [none]
[debug] [2025-06-24T12:43:59.715Z] >>> [apiv2][(partial)header] GET https://serviceusage.googleapis.com/v1/projects/bondfyr-da123/services/runtimeconfig.googleapis.com x-goog-quota-user=projects/bondfyr-da123
[debug] [2025-06-24T12:43:59.717Z] >>> [apiv2][query] GET https://serviceusage.googleapis.com/v1/projects/bondfyr-da123/services/cloudbuild.googleapis.com [none]
[debug] [2025-06-24T12:43:59.717Z] >>> [apiv2][(partial)header] GET https://serviceusage.googleapis.com/v1/projects/bondfyr-da123/services/cloudbuild.googleapis.com x-goog-quota-user=projects/bondfyr-da123
[debug] [2025-06-24T12:43:59.719Z] >>> [apiv2][query] GET https://serviceusage.googleapis.com/v1/projects/bondfyr-da123/services/artifactregistry.googleapis.com [none]
[debug] [2025-06-24T12:43:59.719Z] >>> [apiv2][(partial)header] GET https://serviceusage.googleapis.com/v1/projects/bondfyr-da123/services/artifactregistry.googleapis.com x-goog-quota-user=projects/bondfyr-da123
[debug] [2025-06-24T12:44:00.203Z] <<< [apiv2][status] GET https://serviceusage.googleapis.com/v1/projects/bondfyr-da123/services/cloudfunctions.googleapis.com 200
[debug] [2025-06-24T12:44:00.203Z] <<< [apiv2][body] GET https://serviceusage.googleapis.com/v1/projects/bondfyr-da123/services/cloudfunctions.googleapis.com [omitted]
[info] ✔  functions: required API cloudfunctions.googleapis.com is enabled 
[debug] [2025-06-24T12:44:01.740Z] <<< [apiv2][status] GET https://serviceusage.googleapis.com/v1/projects/bondfyr-da123/services/runtimeconfig.googleapis.com 200
[debug] [2025-06-24T12:44:01.741Z] <<< [apiv2][body] GET https://serviceusage.googleapis.com/v1/projects/bondfyr-da123/services/runtimeconfig.googleapis.com [omitted]
[debug] [2025-06-24T12:44:01.749Z] <<< [apiv2][status] GET https://serviceusage.googleapis.com/v1/projects/bondfyr-da123/services/cloudbuild.googleapis.com 200
[debug] [2025-06-24T12:44:01.749Z] <<< [apiv2][body] GET https://serviceusage.googleapis.com/v1/projects/bondfyr-da123/services/cloudbuild.googleapis.com [omitted]
[info] ✔  functions: required API cloudbuild.googleapis.com is enabled 
[debug] [2025-06-24T12:44:01.763Z] <<< [apiv2][status] GET https://serviceusage.googleapis.com/v1/projects/bondfyr-da123/services/artifactregistry.googleapis.com 200
[debug] [2025-06-24T12:44:01.764Z] <<< [apiv2][body] GET https://serviceusage.googleapis.com/v1/projects/bondfyr-da123/services/artifactregistry.googleapis.com [omitted]
[info] ✔  artifactregistry: required API artifactregistry.googleapis.com is enabled 
[debug] [2025-06-24T12:44:01.764Z] Checked if tokens are valid: true, expires at: 1750772615542
[debug] [2025-06-24T12:44:01.764Z] Checked if tokens are valid: true, expires at: 1750772615542
[debug] [2025-06-24T12:44:01.765Z] >>> [apiv2][query] GET https://firebase.googleapis.com/v1beta1/projects/bondfyr-da123/adminSdkConfig [none]
[debug] [2025-06-24T12:44:02.764Z] <<< [apiv2][status] GET https://firebase.googleapis.com/v1beta1/projects/bondfyr-da123/adminSdkConfig 200
[debug] [2025-06-24T12:44:02.764Z] <<< [apiv2][body] GET https://firebase.googleapis.com/v1beta1/projects/bondfyr-da123/adminSdkConfig {"projectId":"bondfyr-da123","storageBucket":"bondfyr-da123.firebasestorage.app"}
[debug] [2025-06-24T12:44:02.765Z] Checked if tokens are valid: true, expires at: 1750772615542
[debug] [2025-06-24T12:44:02.765Z] Checked if tokens are valid: true, expires at: 1750772615542
[debug] [2025-06-24T12:44:02.766Z] >>> [apiv2][query] GET https://runtimeconfig.googleapis.com/v1beta1/projects/bondfyr-da123/configs [none]
[debug] [2025-06-24T12:44:03.355Z] <<< [apiv2][status] GET https://runtimeconfig.googleapis.com/v1beta1/projects/bondfyr-da123/configs 200
[debug] [2025-06-24T12:44:03.355Z] <<< [apiv2][body] GET https://runtimeconfig.googleapis.com/v1beta1/projects/bondfyr-da123/configs {"configs":[{"name":"projects/bondfyr-da123/configs/google"},{"name":"projects/bondfyr-da123/configs/lemonsqueezy"}]}
[debug] [2025-06-24T12:44:03.355Z] Checked if tokens are valid: true, expires at: 1750772615542
[debug] [2025-06-24T12:44:03.355Z] Checked if tokens are valid: true, expires at: 1750772615542
[debug] [2025-06-24T12:44:03.355Z] Checked if tokens are valid: true, expires at: 1750772615542
[debug] [2025-06-24T12:44:03.355Z] Checked if tokens are valid: true, expires at: 1750772615542
[debug] [2025-06-24T12:44:03.355Z] >>> [apiv2][query] GET https://runtimeconfig.googleapis.com/v1beta1/projects/bondfyr-da123/configs/google/variables [none]
[debug] [2025-06-24T12:44:03.356Z] >>> [apiv2][query] GET https://runtimeconfig.googleapis.com/v1beta1/projects/bondfyr-da123/configs/lemonsqueezy/variables [none]
[debug] [2025-06-24T12:44:03.733Z] <<< [apiv2][status] GET https://runtimeconfig.googleapis.com/v1beta1/projects/bondfyr-da123/configs/google/variables 200
[debug] [2025-06-24T12:44:03.733Z] <<< [apiv2][body] GET https://runtimeconfig.googleapis.com/v1beta1/projects/bondfyr-da123/configs/google/variables {"variables":[{"name":"projects/bondfyr-da123/configs/google/variables/places_key","updateTime":"2025-05-06T09:52:19.002741557Z"}]}
[debug] [2025-06-24T12:44:03.733Z] Checked if tokens are valid: true, expires at: 1750772615542
[debug] [2025-06-24T12:44:03.733Z] Checked if tokens are valid: true, expires at: 1750772615542
[debug] [2025-06-24T12:44:03.733Z] >>> [apiv2][query] GET https://runtimeconfig.googleapis.com/v1beta1/projects/bondfyr-da123/configs/google/variables/places_key [none]
[debug] [2025-06-24T12:44:03.984Z] <<< [apiv2][status] GET https://runtimeconfig.googleapis.com/v1beta1/projects/bondfyr-da123/configs/lemonsqueezy/variables 200
[debug] [2025-06-24T12:44:03.984Z] <<< [apiv2][body] GET https://runtimeconfig.googleapis.com/v1beta1/projects/bondfyr-da123/configs/lemonsqueezy/variables {"variables":[{"name":"projects/bondfyr-da123/configs/lemonsqueezy/variables/webhook_secret","updateTime":"2025-06-24T12:43:43.360120197Z"}]}
[debug] [2025-06-24T12:44:03.985Z] Checked if tokens are valid: true, expires at: 1750772615542
[debug] [2025-06-24T12:44:03.985Z] Checked if tokens are valid: true, expires at: 1750772615542
[debug] [2025-06-24T12:44:03.985Z] >>> [apiv2][query] GET https://runtimeconfig.googleapis.com/v1beta1/projects/bondfyr-da123/configs/lemonsqueezy/variables/webhook_secret [none]
[debug] [2025-06-24T12:44:04.102Z] <<< [apiv2][status] GET https://runtimeconfig.googleapis.com/v1beta1/projects/bondfyr-da123/configs/google/variables/places_key 200
[debug] [2025-06-24T12:44:04.102Z] <<< [apiv2][body] GET https://runtimeconfig.googleapis.com/v1beta1/projects/bondfyr-da123/configs/google/variables/places_key {"name":"projects/bondfyr-da123/configs/google/variables/places_key","updateTime":"2025-05-06T09:52:19.002741557Z","text":"AIzaSyAuPBQCEYfG9C0wwH5MoHRbNe4xJ8Y_3zk"}
[debug] [2025-06-24T12:44:05.143Z] <<< [apiv2][status] GET https://runtimeconfig.googleapis.com/v1beta1/projects/bondfyr-da123/configs/lemonsqueezy/variables/webhook_secret 200
[debug] [2025-06-24T12:44:05.143Z] <<< [apiv2][body] GET https://runtimeconfig.googleapis.com/v1beta1/projects/bondfyr-da123/configs/lemonsqueezy/variables/webhook_secret {"name":"projects/bondfyr-da123/configs/lemonsqueezy/variables/webhook_secret","updateTime":"2025-06-24T12:43:43.360120197Z","text":"your_webhook_secret_here"}
[debug] [2025-06-24T12:44:05.145Z] Validating nodejs source
[warn] ⚠  functions: Runtime Node.js 18 was deprecated on 2025-04-30 and will be decommissioned on 2025-10-30, after which you will not be able to deploy without upgrading. Consider upgrading now to avoid disruption. See https://cloud.google.com/functions/docs/runtime-support for full details on the lifecycle policy 
[warn] ⚠  functions: package.json indicates an outdated version of firebase-functions. Please upgrade using npm install --save firebase-functions@latest in your functions directory. 
[warn] ⚠  functions: Please note that there will be breaking changes when you upgrade. 
[debug] [2025-06-24T12:44:05.844Z] > [functions] package.json contents: {
  "name": "functions",
  "description": "Cloud Functions for Firebase - LemonSqueezy Integration",
  "scripts": {
    "serve": "firebase emulators:start --only functions",
    "shell": "firebase functions:shell",
    "start": "npm run shell",
    "deploy": "firebase deploy --only functions",
    "logs": "firebase functions:log"
  },
  "engines": {
    "node": "18"
  },
  "main": "index.js",
  "dependencies": {
    "axios": "^1.9.0",
    "firebase-admin": "^11.8.0",
    "firebase-functions": "^4.3.1"
  },
  "private": true
}
[debug] [2025-06-24T12:44:05.844Z] Building nodejs source
[info] i  functions: Loading and analyzing source code for codebase default to determine what to deploy 
[info] i  functions: You are using a version of firebase-functions SDK (4.9.0) that does not have support for the newest Firebase Extensions features. Please update firebase-functions SDK to >=5.1.0 to use them correctly 
[debug] [2025-06-24T12:44:05.845Z] Could not find functions.yaml. Must use http discovery
[debug] [2025-06-24T12:44:05.852Z] Found firebase-functions binary at '/Users/arjun/Bondfyr_MVP_Soc/firebase-functions/node_modules/.bin/firebase-functions'
[info] Serving at port 8540

[debug] [2025-06-24T12:44:06.071Z] Got response from /__/functions.yaml {"endpoints":{"scrapeVenuesForCity":{"platform":"gcfv1","labels":{},"availableMemoryMb":null,"timeoutSeconds":null,"minInstances":null,"maxInstances":null,"ingressSettings":null,"serviceAccountEmail":null,"vpc":null,"callableTrigger":{},"entryPoint":"scrapeVenuesForCity"},"lemonSqueezyWebhook":{"platform":"gcfv1","availableMemoryMb":null,"timeoutSeconds":null,"minInstances":null,"maxInstances":null,"ingressSettings":null,"serviceAccountEmail":null,"vpc":null,"httpsTrigger":{},"entryPoint":"lemonSqueezyWebhook"},"processHostPayouts":{"platform":"gcfv1","availableMemoryMb":null,"timeoutSeconds":null,"minInstances":null,"maxInstances":null,"ingressSettings":null,"serviceAccountEmail":null,"vpc":null,"scheduleTrigger":{"schedule":"0 9 * * 1","retryConfig":{"retryCount":null,"maxDoublings":null,"maxRetryDuration":null,"maxBackoffDuration":null,"minBackoffDuration":null},"timeZone":null},"labels":{},"entryPoint":"processHostPayouts"},"generateWeeklyReport":{"platform":"gcfv1","availableMemoryMb":null,"timeoutSeconds":null,"minInstances":null,"maxInstances":null,"ingressSettings":null,"serviceAccountEmail":null,"vpc":null,"scheduleTrigger":{"schedule":"0 10 * * 1","retryConfig":{"retryCount":null,"maxDoublings":null,"maxRetryDuration":null,"maxBackoffDuration":null,"minBackoffDuration":null},"timeZone":null},"labels":{},"entryPoint":"generateWeeklyReport"}},"specVersion":"v1alpha1","requiredAPIs":[{"api":"cloudscheduler.googleapis.com","reason":"Needed for scheduled functions."}]}
[info] i  functions: preparing . directory for uploading... 
[info] i  functions: packaged /Users/arjun/Bondfyr_MVP_Soc/firebase-functions (45.57 KB) for uploading 
[debug] [2025-06-24T12:44:10.118Z] Checked if tokens are valid: true, expires at: 1750772615542
[debug] [2025-06-24T12:44:10.118Z] Checked if tokens are valid: true, expires at: 1750772615542
[debug] [2025-06-24T12:44:10.119Z] >>> [apiv2][query] GET https://cloudfunctions.googleapis.com/v1/projects/bondfyr-da123/locations/-/functions [none]
[debug] [2025-06-24T12:44:11.295Z] <<< [apiv2][status] GET https://cloudfunctions.googleapis.com/v1/projects/bondfyr-da123/locations/-/functions 200
[debug] [2025-06-24T12:44:11.295Z] <<< [apiv2][body] GET https://cloudfunctions.googleapis.com/v1/projects/bondfyr-da123/locations/-/functions {"functions":[{"name":"projects/bondfyr-da123/locations/us-central1/functions/resetChatMemberCounts","eventTrigger":{"eventType":"google.pubsub.topic.publish","resource":"projects/bondfyr-da123/topics/firebase-schedule-resetChatMemberCounts-us-central1","service":"pubsub.googleapis.com","failurePolicy":{}},"status":"ACTIVE","entryPoint":"resetChatMemberCounts","timeout":"60s","availableMemoryMb":256,"serviceAccountEmail":"bondfyr-da123@appspot.gserviceaccount.com","updateTime":"2025-04-20T11:06:14.770637982Z","versionId":"1","labels":{"deployment-tool":"cli-firebase","deployment-scheduled":"true","firebase-functions-hash":"ed8ad90041fff1e7a8cf4b09909234d8bd307784"},"sourceUploadUrl":"https://storage.googleapis.com/uploads-292694858388.us-central1.cloudfunctions.appspot.com/96169210-2cf8-4b3f-bcb7-4af5e036a1ac.zip","environmentVariables":{"FIREBASE_CONFIG":"{\"projectId\":\"bondfyr-da123\",\"storageBucket\":\"bondfyr-da123.firebasestorage.app\"}","GCLOUD_PROJECT":"bondfyr-da123","EVENTARC_CLOUD_EVENT_SOURCE":"projects/bondfyr-da123/locations/us-central1/functions/resetChatMemberCounts"},"runtime":"nodejs18","maxInstances":3000,"ingressSettings":"ALLOW_ALL","buildId":"8230d376-133d-4b21-8e67-0f36e221c099","buildEnvironmentVariables":{"GOOGLE_NODE_RUN_SCRIPTS":""},"buildName":"projects/210827083189/locations/us-central1/builds/8230d376-133d-4b21-8e67-0f36e221c099","dockerRegistry":"ARTIFACT_REGISTRY","automaticUpdatePolicy":{},"buildServiceAccount":"projects/bondfyr-da123/serviceAccounts/210827083189-compute@developer.gserviceaccount.com","satisfiesPzi":true},{"name":"projects/bondfyr-da123/locations/us-central1/functions/scrapeVenuesForCity","httpsTrigger":{"url":"https://us-central1-bondfyr-da123.cloudfunctions.net/scrapeVenuesForCity","securityLevel":"SECURE_ALWAYS"},"status":"ACTIVE","entryPoint":"scrapeVenuesForCity","timeout":"60s","availableMemoryMb":256,"serviceAccountEmail":"bondfyr-da123@appspot.gserviceaccount.com","updateTime":"2025-05-06T09:56:36.042402044Z","versionId":"1","labels":{"deployment-callable":"true","firebase-functions-hash":"5378c71aef16b7273cb266c124ea843521d6da86","deployment-tool":"cli-firebase"},"sourceUploadUrl":"https://storage.googleapis.com/uploads-292694858388.us-central1.cloudfunctions.appspot.com/429d30aa-8ecb-46eb-8be4-1328c6f373c5.zip","environmentVariables":{"FIREBASE_CONFIG":"{\"projectId\":\"bondfyr-da123\",\"storageBucket\":\"bondfyr-da123.firebasestorage.app\"}","GCLOUD_PROJECT":"bondfyr-da123","EVENTARC_CLOUD_EVENT_SOURCE":"projects/bondfyr-da123/locations/us-central1/functions/scrapeVenuesForCity"},"runtime":"nodejs18","ingressSettings":"ALLOW_ALL","buildId":"fdc436d5-6758-4418-bda8-17d634189430","buildEnvironmentVariables":{"GOOGLE_NODE_RUN_SCRIPTS":""},"buildName":"projects/210827083189/locations/us-central1/builds/fdc436d5-6758-4418-bda8-17d634189430","dockerRegistry":"ARTIFACT_REGISTRY","automaticUpdatePolicy":{},"buildServiceAccount":"projects/bondfyr-da123/serviceAccounts/210827083189-compute@developer.gserviceaccount.com","satisfiesPzi":true},{"name":"projects/bondfyr-da123/locations/us-central1/functions/updateChatActivity","eventTrigger":{"eventType":"providers/cloud.firestore/eventTypes/document.create","resource":"projects/bondfyr-da123/databases/(default)/documents/chat_messages/{messageId}","service":"firestore.googleapis.com","failurePolicy":{}},"status":"ACTIVE","entryPoint":"updateChatActivity","timeout":"60s","availableMemoryMb":256,"serviceAccountEmail":"bondfyr-da123@appspot.gserviceaccount.com","updateTime":"2025-04-20T11:06:22.529851074Z","versionId":"1","labels":{"deployment-tool":"cli-firebase","firebase-functions-hash":"ed8ad90041fff1e7a8cf4b09909234d8bd307784"},"sourceUploadUrl":"https://storage.googleapis.com/uploads-292694858388.us-central1.cloudfunctions.appspot.com/96169210-2cf8-4b3f-bcb7-4af5e036a1ac.zip","environmentVariables":{"FIREBASE_CONFIG":"{\"projectId\":\"bondfyr-da123\",\"storageBucket\":\"bondfyr-da123.firebasestorage.app\"}","GCLOUD_PROJECT":"bondfyr-da123","EVENTARC_CLOUD_EVENT_SOURCE":"projects/bondfyr-da123/locations/us-central1/functions/updateChatActivity"},"runtime":"nodejs18","maxInstances":3000,"ingressSettings":"ALLOW_ALL","buildId":"8fdfc72e-b30a-4610-b102-6eb345016921","buildEnvironmentVariables":{"GOOGLE_NODE_RUN_SCRIPTS":""},"buildName":"projects/210827083189/locations/us-central1/builds/8fdfc72e-b30a-4610-b102-6eb345016921","dockerRegistry":"ARTIFACT_REGISTRY","automaticUpdatePolicy":{},"buildServiceAccount":"projects/bondfyr-da123/serviceAccounts/210827083189-compute@developer.gserviceaccount.com","satisfiesPzi":true},{"name":"projects/bondfyr-da123/locations/us-central1/functions/cleanupOldChatMessages","eventTrigger":{"eventType":"google.pubsub.topic.publish","resource":"projects/bondfyr-da123/topics/firebase-schedule-cleanupOldChatMessages-us-central1","service":"pubsub.googleapis.com","failurePolicy":{}},"status":"OFFLINE","entryPoint":"cleanupOldChatMessages","timeout":"60s","availableMemoryMb":256,"serviceAccountEmail":"bondfyr-da123@appspot.gserviceaccount.com","updateTime":"2025-04-20T11:04:40.622174744Z","versionId":"1","labels":{"firebase-functions-hash":"ed8ad90041fff1e7a8cf4b09909234d8bd307784","deployment-tool":"cli-firebase","deployment-scheduled":"true"},"sourceUploadUrl":"https://storage.googleapis.com/uploads-292694858388.us-central1.cloudfunctions.appspot.com/96169210-2cf8-4b3f-bcb7-4af5e036a1ac.zip","environmentVariables":{"FIREBASE_CONFIG":"{\"projectId\":\"bondfyr-da123\",\"storageBucket\":\"bondfyr-da123.firebasestorage.app\"}","GCLOUD_PROJECT":"bondfyr-da123","EVENTARC_CLOUD_EVENT_SOURCE":"projects/bondfyr-da123/locations/us-central1/functions/cleanupOldChatMessages"},"runtime":"nodejs18","maxInstances":3000,"ingressSettings":"ALLOW_ALL","buildEnvironmentVariables":{"GOOGLE_NODE_RUN_SCRIPTS":""},"dockerRegistry":"ARTIFACT_REGISTRY","automaticUpdatePolicy":{},"buildServiceAccount":"projects/bondfyr-da123/serviceAccounts/210827083189-compute@developer.gserviceaccount.com","satisfiesPzi":true},{"name":"projects/bondfyr-da123/locations/us-central1/functions/onUserDeleted","eventTrigger":{"eventType":"providers/firebase.auth/eventTypes/user.delete","resource":"projects/bondfyr-da123","service":"firebaseauth.googleapis.com","failurePolicy":{}},"status":"ACTIVE","entryPoint":"onUserDeleted","timeout":"60s","availableMemoryMb":256,"serviceAccountEmail":"bondfyr-da123@appspot.gserviceaccount.com","updateTime":"2025-04-20T11:06:12.291478046Z","versionId":"1","labels":{"firebase-functions-hash":"ed8ad90041fff1e7a8cf4b09909234d8bd307784","deployment-tool":"cli-firebase"},"sourceUploadUrl":"https://storage.googleapis.com/uploads-292694858388.us-central1.cloudfunctions.appspot.com/96169210-2cf8-4b3f-bcb7-4af5e036a1ac.zip","environmentVariables":{"FIREBASE_CONFIG":"{\"projectId\":\"bondfyr-da123\",\"storageBucket\":\"bondfyr-da123.firebasestorage.app\"}","GCLOUD_PROJECT":"bondfyr-da123","EVENTARC_CLOUD_EVENT_SOURCE":"projects/bondfyr-da123/locations/us-central1/functions/onUserDeleted"},"runtime":"nodejs18","maxInstances":3000,"ingressSettings":"ALLOW_ALL","buildId":"cb7a6759-3075-4021-a633-508bc4b303a0","buildEnvironmentVariables":{"GOOGLE_NODE_RUN_SCRIPTS":""},"buildName":"projects/210827083189/locations/us-central1/builds/cb7a6759-3075-4021-a633-508bc4b303a0","dockerRegistry":"ARTIFACT_REGISTRY","automaticUpdatePolicy":{},"buildServiceAccount":"projects/bondfyr-da123/serviceAccounts/210827083189-compute@developer.gserviceaccount.com","satisfiesPzi":true},{"name":"projects/bondfyr-da123/locations/us-central1/functions/cleanupUserChatMessages","eventTrigger":{"eventType":"providers/firebase.auth/eventTypes/user.delete","resource":"projects/bondfyr-da123","service":"firebaseauth.googleapis.com","failurePolicy":{}},"status":"ACTIVE","entryPoint":"cleanupUserChatMessages","timeout":"60s","availableMemoryMb":256,"serviceAccountEmail":"bondfyr-da123@appspot.gserviceaccount.com","updateTime":"2025-04-20T11:06:17.530869887Z","versionId":"1","labels":{"deployment-tool":"cli-firebase","firebase-functions-hash":"ed8ad90041fff1e7a8cf4b09909234d8bd307784"},"sourceUploadUrl":"https://storage.googleapis.com/uploads-292694858388.us-central1.cloudfunctions.appspot.com/96169210-2cf8-4b3f-bcb7-4af5e036a1ac.zip","environmentVariables":{"FIREBASE_CONFIG":"{\"projectId\":\"bondfyr-da123\",\"storageBucket\":\"bondfyr-da123.firebasestorage.app\"}","GCLOUD_PROJECT":"bondfyr-da123","EVENTARC_CLOUD_EVENT_SOURCE":"projects/bondfyr-da123/locations/us-central1/functions/cleanupUserChatMessages"},"runtime":"nodejs18","maxInstances":3000,"ingressSettings":"ALLOW_ALL","buildId":"17ee352d-3caa-46f5-8778-bb30074f3535","buildEnvironmentVariables":{"GOOGLE_NODE_RUN_SCRIPTS":""},"buildName":"projects/210827083189/locations/us-central1/builds/17ee352d-3caa-46f5-8778-bb30074f3535","dockerRegistry":"ARTIFACT_REGISTRY","automaticUpdatePolicy":{},"buildServiceAccount":"projects/bondfyr-da123/serviceAccounts/210827083189-compute@developer.gserviceaccount.com","satisfiesPzi":true}]}
[debug] [2025-06-24T12:44:11.296Z] Checked if tokens are valid: true, expires at: 1750772615542
[debug] [2025-06-24T12:44:11.296Z] Checked if tokens are valid: true, expires at: 1750772615542
[debug] [2025-06-24T12:44:11.296Z] >>> [apiv2][query] GET https://cloudfunctions.googleapis.com/v2/projects/bondfyr-da123/locations/-/functions filter=environment%3D%22GEN_2%22
[debug] [2025-06-24T12:44:13.048Z] <<< [apiv2][status] GET https://cloudfunctions.googleapis.com/v2/projects/bondfyr-da123/locations/-/functions 200
[debug] [2025-06-24T12:44:13.048Z] <<< [apiv2][body] GET https://cloudfunctions.googleapis.com/v2/projects/bondfyr-da123/locations/-/functions {"functions":[{"name":"projects/bondfyr-da123/locations/us-central1/functions/getTopVenues","buildConfig":{"build":"projects/210827083189/locations/us-central1/builds/438353e1-28d2-4628-9a10-03a616804b6e","runtime":"nodejs22","entryPoint":"getTopVenues","source":{"storageSource":{"bucket":"gcf-v2-sources-210827083189-us-central1","object":"getTopVenues/function-source.zip","generation":"1746439412266595"}},"environmentVariables":{"GOOGLE_NODE_RUN_SCRIPTS":""},"dockerRepository":"projects/bondfyr-da123/locations/us-central1/repositories/gcf-artifacts","sourceProvenance":{"resolvedStorageSource":{"bucket":"gcf-v2-sources-210827083189-us-central1","object":"getTopVenues/function-source.zip","generation":"1746439412266595"}},"dockerRegistry":"ARTIFACT_REGISTRY","serviceAccount":"projects/bondfyr-da123/serviceAccounts/210827083189-compute@developer.gserviceaccount.com","automaticUpdatePolicy":{}},"serviceConfig":{"service":"projects/bondfyr-da123/locations/us-central1/services/gettopvenues","timeoutSeconds":60,"environmentVariables":{"FIREBASE_CONFIG":"{\"projectId\":\"bondfyr-da123\",\"storageBucket\":\"bondfyr-da123.firebasestorage.app\"}","GCLOUD_PROJECT":"bondfyr-da123","EVENTARC_CLOUD_EVENT_SOURCE":"projects/bondfyr-da123/locations/us-central1/services/getTopVenues","FUNCTION_TARGET":"getTopVenues","LOG_EXECUTION_ID":"true"},"maxInstanceCount":40,"ingressSettings":"ALLOW_ALL","uri":"https://gettopvenues-itvvf7pjwq-uc.a.run.app","serviceAccountEmail":"210827083189-compute@developer.gserviceaccount.com","availableMemory":"256Mi","allTrafficOnLatestRevision":true,"revision":"gettopvenues-00001-jex","maxInstanceRequestConcurrency":80,"availableCpu":"1"},"state":"ACTIVE","updateTime":"2025-05-05T10:05:17.572131126Z","labels":{"deployment-tool":"cli-firebase","deployment-callable":"true","firebase-functions-hash":"f5abf48d5b9ead9b4fb6b098f047b26272bd22cc"},"environment":"GEN_2","url":"https://us-central1-bondfyr-da123.cloudfunctions.net/getTopVenues","createTime":"2025-05-05T10:03:32.562455018Z","satisfiesPzi":true}]}
[info] i  functions: ensuring required API cloudscheduler.googleapis.com is enabled... 
[debug] [2025-06-24T12:44:13.051Z] Checked if tokens are valid: true, expires at: 1750772615542
[debug] [2025-06-24T12:44:13.051Z] Checked if tokens are valid: true, expires at: 1750772615542
[debug] [2025-06-24T12:44:13.052Z] >>> [apiv2][query] GET https://serviceusage.googleapis.com/v1/projects/210827083189/services/cloudscheduler.googleapis.com [none]
[debug] [2025-06-24T12:44:13.052Z] >>> [apiv2][(partial)header] GET https://serviceusage.googleapis.com/v1/projects/210827083189/services/cloudscheduler.googleapis.com x-goog-quota-user=projects/210827083189
[debug] [2025-06-24T12:44:15.054Z] <<< [apiv2][status] GET https://serviceusage.googleapis.com/v1/projects/210827083189/services/cloudscheduler.googleapis.com 200
[debug] [2025-06-24T12:44:15.055Z] <<< [apiv2][body] GET https://serviceusage.googleapis.com/v1/projects/210827083189/services/cloudscheduler.googleapis.com [omitted]
[info] ✔  functions: required API cloudscheduler.googleapis.com is enabled 
[debug] [2025-06-24T12:44:15.058Z] Checked if tokens are valid: true, expires at: 1750772615542
[debug] [2025-06-24T12:44:15.058Z] Checked if tokens are valid: true, expires at: 1750772615542
[debug] [2025-06-24T12:44:15.058Z] >>> [apiv2][query] GET https://serviceusage.googleapis.com/v1/projects/bondfyr-da123/services/cloudresourcemanager.googleapis.com [none]
[debug] [2025-06-24T12:44:15.058Z] >>> [apiv2][(partial)header] GET https://serviceusage.googleapis.com/v1/projects/bondfyr-da123/services/cloudresourcemanager.googleapis.com x-goog-quota-user=projects/bondfyr-da123
[debug] [2025-06-24T12:44:15.537Z] <<< [apiv2][status] GET https://serviceusage.googleapis.com/v1/projects/bondfyr-da123/services/cloudresourcemanager.googleapis.com 200
[debug] [2025-06-24T12:44:15.537Z] <<< [apiv2][body] GET https://serviceusage.googleapis.com/v1/projects/bondfyr-da123/services/cloudresourcemanager.googleapis.com [omitted]
[debug] [2025-06-24T12:44:15.537Z] Checked if tokens are valid: true, expires at: 1750772615542
[debug] [2025-06-24T12:44:15.537Z] Checked if tokens are valid: true, expires at: 1750772615542
[debug] [2025-06-24T12:44:15.537Z] >>> [apiv2][query] GET https://cloudresourcemanager.googleapis.com/v1/projects/bondfyr-da123 [none]
[debug] [2025-06-24T12:44:17.278Z] <<< [apiv2][status] GET https://cloudresourcemanager.googleapis.com/v1/projects/bondfyr-da123 200
[debug] [2025-06-24T12:44:17.278Z] <<< [apiv2][body] GET https://cloudresourcemanager.googleapis.com/v1/projects/bondfyr-da123 {"projectNumber":"210827083189","projectId":"bondfyr-da123","lifecycleState":"ACTIVE","name":"Bondfyr","labels":{"firebase":"enabled","firebase-core":"disabled"},"createTime":"2025-03-24T11:00:19.873900Z"}
[debug] [2025-06-24T12:44:17.280Z] [functions] found 1 new HTTP functions, testing setIamPolicy permission...
[debug] [2025-06-24T12:44:17.280Z] Checked if tokens are valid: true, expires at: 1750772615542
[debug] [2025-06-24T12:44:17.280Z] Checked if tokens are valid: true, expires at: 1750772615542
[debug] [2025-06-24T12:44:17.280Z] >>> [apiv2][query] POST https://cloudresourcemanager.googleapis.com/v1/projects/bondfyr-da123:testIamPermissions [none]
[debug] [2025-06-24T12:44:17.280Z] >>> [apiv2][(partial)header] POST https://cloudresourcemanager.googleapis.com/v1/projects/bondfyr-da123:testIamPermissions x-goog-quota-user=projects/bondfyr-da123
[debug] [2025-06-24T12:44:17.280Z] >>> [apiv2][body] POST https://cloudresourcemanager.googleapis.com/v1/projects/bondfyr-da123:testIamPermissions {"permissions":["cloudfunctions.functions.setIamPolicy"]}
[debug] [2025-06-24T12:44:17.648Z] <<< [apiv2][status] POST https://cloudresourcemanager.googleapis.com/v1/projects/bondfyr-da123:testIamPermissions 200
[debug] [2025-06-24T12:44:17.648Z] <<< [apiv2][body] POST https://cloudresourcemanager.googleapis.com/v1/projects/bondfyr-da123:testIamPermissions {"permissions":["cloudfunctions.functions.setIamPolicy"]}
[debug] [2025-06-24T12:44:17.648Z] [functions] found setIamPolicy permission, proceeding with deploy
[debug] [2025-06-24T12:44:17.649Z] Checked if tokens are valid: true, expires at: 1750772615542
[debug] [2025-06-24T12:44:17.649Z] Checked if tokens are valid: true, expires at: 1750772615542
[debug] [2025-06-24T12:44:17.650Z] >>> [apiv2][query] POST https://cloudfunctions.googleapis.com/v1/projects/bondfyr-da123/locations/us-central1/functions:generateUploadUrl [none]
[debug] [2025-06-24T12:44:17.650Z] >>> [apiv2][body] POST https://cloudfunctions.googleapis.com/v1/projects/bondfyr-da123/locations/us-central1/functions:generateUploadUrl {}
[debug] [2025-06-24T12:44:18.608Z] <<< [apiv2][status] POST https://cloudfunctions.googleapis.com/v1/projects/bondfyr-da123/locations/us-central1/functions:generateUploadUrl 200
[debug] [2025-06-24T12:44:18.608Z] <<< [apiv2][body] POST https://cloudfunctions.googleapis.com/v1/projects/bondfyr-da123/locations/us-central1/functions:generateUploadUrl {"uploadUrl":"https://storage.googleapis.com/uploads-292694858388.us-central1.cloudfunctions.appspot.com/496297ef-0d7c-4312-99a1-c58f900f0f84.zip?GoogleAccessId=service-210827083189@gcf-admin-robot.iam.gserviceaccount.com&Expires=1750770858&Signature=lhwj5b1wc4DFm%2FBoNus%2B6HVXxCey0QLZJnb7hPjusEjuc%2B2c23QFbFBfcwSR8AoCjE4PdZaMGUMH8ZjmXtAt807Qr0eK93vTxfYMqXezw5ZjOVcXOjeH0cVLINqO6fxL5W%2BDd2Oo08ticn7srgZq%2FR%2FuWo0q5Ce8WcWu5M6dkvJ%2B8Q4dAFaQeJmXTWx6nvWRmYvVl4NDlQCVHK%2B3rNJajE%2F5rTQIpeS3mOu9NoW6qYf%2FycDeR3fdZaSAixi9n56nKoDr%2FLt12IAQXUs6AmT7pYviUnNYPvtdUEchMsl98mI7VdfFXhINfJQg2A%2BkhY8fv5KRI5b1O0ymwTcf8nrqyA%3D%3D"}
[debug] [2025-06-24T12:44:18.609Z] >>> [apiv2][query] PUT https://storage.googleapis.com/uploads-292694858388.us-central1.cloudfunctions.appspot.com/496297ef-0d7c-4312-99a1-c58f900f0f84.zip GoogleAccessId=service-210827083189%40gcf-admin-robot.iam.gserviceaccount.com&Expires=1750770858&Signature=lhwj5b1wc4DFm%2FBoNus%2B6HVXxCey0QLZJnb7hPjusEjuc%2B2c23QFbFBfcwSR8AoCjE4PdZaMGUMH8ZjmXtAt807Qr0eK93vTxfYMqXezw5ZjOVcXOjeH0cVLINqO6fxL5W%2BDd2Oo08ticn7srgZq%2FR%2FuWo0q5Ce8WcWu5M6dkvJ%2B8Q4dAFaQeJmXTWx6nvWRmYvVl4NDlQCVHK%2B3rNJajE%2F5rTQIpeS3mOu9NoW6qYf%2FycDeR3fdZaSAixi9n56nKoDr%2FLt12IAQXUs6AmT7pYviUnNYPvtdUEchMsl98mI7VdfFXhINfJQg2A%2BkhY8fv5KRI5b1O0ymwTcf8nrqyA%3D%3D
[debug] [2025-06-24T12:44:18.610Z] >>> [apiv2][body] PUT https://storage.googleapis.com/uploads-292694858388.us-central1.cloudfunctions.appspot.com/496297ef-0d7c-4312-99a1-c58f900f0f84.zip [stream]
[debug] [2025-06-24T12:44:19.828Z] <<< [apiv2][status] PUT https://storage.googleapis.com/uploads-292694858388.us-central1.cloudfunctions.appspot.com/496297ef-0d7c-4312-99a1-c58f900f0f84.zip 200
[debug] [2025-06-24T12:44:19.828Z] <<< [apiv2][body] PUT https://storage.googleapis.com/uploads-292694858388.us-central1.cloudfunctions.appspot.com/496297ef-0d7c-4312-99a1-c58f900f0f84.zip [omitted]
[info] ✔  functions: . folder uploaded successfully 
[info] 
The following functions are found in your project but do not exist in your local source code:
	getTopVenues(us-central1)
	cleanupOldChatMessages(us-central1)
	cleanupUserChatMessages(us-central1)
	onUserDeleted(us-central1)
	resetChatMemberCounts(us-central1)
	updateChatActivity(us-central1)

If you are renaming a function or changing its region, it is recommended that you create the new function first before deleting the old one to prevent event loss. For more info, visit https://firebase.google.com/docs/functions/manage-functions#modify

[info] i  functions: creating Node.js 18 (1st Gen) function lemonSqueezyWebhook(us-central1)... 
[info] i  functions: creating Node.js 18 (1st Gen) function processHostPayouts(us-central1)... 
[info] i  functions: creating Node.js 18 (1st Gen) function generateWeeklyReport(us-central1)... 
[info] i  functions: updating Node.js 18 (1st Gen) function scrapeVenuesForCity(us-central1)... 
[debug] [2025-06-24T12:51:09.893Z] Checked if tokens are valid: true, expires at: 1750772615542
[debug] [2025-06-24T12:51:09.894Z] Checked if tokens are valid: true, expires at: 1750772615542
[debug] [2025-06-24T12:51:09.895Z] >>> [apiv2][query] POST https://cloudfunctions.googleapis.com/v1/projects/bondfyr-da123/locations/us-central1/functions [none]
[debug] [2025-06-24T12:51:09.895Z] >>> [apiv2][body] POST https://cloudfunctions.googleapis.com/v1/projects/bondfyr-da123/locations/us-central1/functions {"name":"projects/bondfyr-da123/locations/us-central1/functions/lemonSqueezyWebhook","sourceUploadUrl":"https://storage.googleapis.com/uploads-292694858388.us-central1.cloudfunctions.appspot.com/496297ef-0d7c-4312-99a1-c58f900f0f84.zip?GoogleAccessId=service-210827083189@gcf-admin-robot.iam.gserviceaccount.com&Expires=1750770858&Signature=lhwj5b1wc4DFm%2FBoNus%2B6HVXxCey0QLZJnb7hPjusEjuc%2B2c23QFbFBfcwSR8AoCjE4PdZaMGUMH8ZjmXtAt807Qr0eK93vTxfYMqXezw5ZjOVcXOjeH0cVLINqO6fxL5W%2BDd2Oo08ticn7srgZq%2FR%2FuWo0q5Ce8WcWu5M6dkvJ%2B8Q4dAFaQeJmXTWx6nvWRmYvVl4NDlQCVHK%2B3rNJajE%2F5rTQIpeS3mOu9NoW6qYf%2FycDeR3fdZaSAixi9n56nKoDr%2FLt12IAQXUs6AmT7pYviUnNYPvtdUEchMsl98mI7VdfFXhINfJQg2A%2BkhY8fv5KRI5b1O0ymwTcf8nrqyA%3D%3D","entryPoint":"lemonSqueezyWebhook","runtime":"nodejs18","dockerRegistry":"ARTIFACT_REGISTRY","labels":{"deployment-tool":"cli-firebase","firebase-functions-hash":"7acab642b1f1bda2c6327c2ca745edb65be37d7b"},"httpsTrigger":{"securityLevel":"SECURE_ALWAYS"},"minInstances":null,"maxInstances":null,"ingressSettings":null,"environmentVariables":{"FIREBASE_CONFIG":"{\"projectId\":\"bondfyr-da123\",\"storageBucket\":\"bondfyr-da123.firebasestorage.app\"}","GCLOUD_PROJECT":"bondfyr-da123","EVENTARC_CLOUD_EVENT_SOURCE":"projects/bondfyr-da123/locations/us-central1/functions/lemonSqueezyWebhook"},"serviceAccountEmail":null,"availableMemoryMb":null,"timeout":null,"vpcConnector":null,"vpcConnectorEgressSettings":null,"buildEnvironmentVariables":{"GOOGLE_NODE_RUN_SCRIPTS":""}}
[debug] [2025-06-24T12:51:11.254Z] <<< [apiv2][status] POST https://cloudfunctions.googleapis.com/v1/projects/bondfyr-da123/locations/us-central1/functions 200
[debug] [2025-06-24T12:51:11.254Z] <<< [apiv2][body] POST https://cloudfunctions.googleapis.com/v1/projects/bondfyr-da123/locations/us-central1/functions {"name":"operations/cHJvamVjdHMvYm9uZGZ5ci1kYTEyMy9sb2NhdGlvbnMvdXMtY2VudHJhbDEvb3BlcmF0aW9ucy9vcGVyYXRpb24tMTc1MDc2OTQ3MDY0NS02Mzg1MGM4NjFhNDg2LWU4ODMxNzZiLTZhOTkwNjQ0","metadata":{"@type":"type.googleapis.com/google.cloud.functions.v1.OperationMetadataV1","target":"projects/bondfyr-da123/locations/us-central1/functions/lemonSqueezyWebhook","updateTime":"2025-06-24T12:51:11.224476824Z"}}
[debug] [2025-06-24T12:51:11.255Z] Checked if tokens are valid: true, expires at: 1750772615542
[debug] [2025-06-24T12:51:11.255Z] Checked if tokens are valid: true, expires at: 1750772615542
[debug] [2025-06-24T12:51:11.255Z] >>> [apiv2][query] GET https://cloudfunctions.googleapis.com/v1/operations/cHJvamVjdHMvYm9uZGZ5ci1kYTEyMy9sb2NhdGlvbnMvdXMtY2VudHJhbDEvb3BlcmF0aW9ucy9vcGVyYXRpb24tMTc1MDc2OTQ3MDY0NS02Mzg1MGM4NjFhNDg2LWU4ODMxNzZiLTZhOTkwNjQ0 [none]
[debug] [2025-06-24T12:51:11.807Z] <<< [apiv2][status] GET https://cloudfunctions.googleapis.com/v1/operations/cHJvamVjdHMvYm9uZGZ5ci1kYTEyMy9sb2NhdGlvbnMvdXMtY2VudHJhbDEvb3BlcmF0aW9ucy9vcGVyYXRpb24tMTc1MDc2OTQ3MDY0NS02Mzg1MGM4NjFhNDg2LWU4ODMxNzZiLTZhOTkwNjQ0 200
[debug] [2025-06-24T12:51:11.807Z] <<< [apiv2][body] GET https://cloudfunctions.googleapis.com/v1/operations/cHJvamVjdHMvYm9uZGZ5ci1kYTEyMy9sb2NhdGlvbnMvdXMtY2VudHJhbDEvb3BlcmF0aW9ucy9vcGVyYXRpb24tMTc1MDc2OTQ3MDY0NS02Mzg1MGM4NjFhNDg2LWU4ODMxNzZiLTZhOTkwNjQ0 {"name":"operations/cHJvamVjdHMvYm9uZGZ5ci1kYTEyMy9sb2NhdGlvbnMvdXMtY2VudHJhbDEvb3BlcmF0aW9ucy9vcGVyYXRpb24tMTc1MDc2OTQ3MDY0NS02Mzg1MGM4NjFhNDg2LWU4ODMxNzZiLTZhOTkwNjQ0","metadata":{"@type":"type.googleapis.com/google.cloud.functions.v1.OperationMetadataV1","target":"projects/bondfyr-da123/locations/us-central1/functions/lemonSqueezyWebhook","updateTime":"2025-06-24T12:51:11.224476824Z"}}
[debug] [2025-06-24T12:51:12.312Z] [create-default-us-central1-lemonSqueezyWebhook] Retrying task index 0
[debug] [2025-06-24T12:51:12.313Z] Checked if tokens are valid: true, expires at: 1750772615542
[debug] [2025-06-24T12:51:12.313Z] Checked if tokens are valid: true, expires at: 1750772615542
[debug] [2025-06-24T12:51:12.313Z] >>> [apiv2][query] GET https://cloudfunctions.googleapis.com/v1/operations/cHJvamVjdHMvYm9uZGZ5ci1kYTEyMy9sb2NhdGlvbnMvdXMtY2VudHJhbDEvb3BlcmF0aW9ucy9vcGVyYXRpb24tMTc1MDc2OTQ3MDY0NS02Mzg1MGM4NjFhNDg2LWU4ODMxNzZiLTZhOTkwNjQ0 [none]
[debug] [2025-06-24T12:51:12.864Z] <<< [apiv2][status] GET https://cloudfunctions.googleapis.com/v1/operations/cHJvamVjdHMvYm9uZGZ5ci1kYTEyMy9sb2NhdGlvbnMvdXMtY2VudHJhbDEvb3BlcmF0aW9ucy9vcGVyYXRpb24tMTc1MDc2OTQ3MDY0NS02Mzg1MGM4NjFhNDg2LWU4ODMxNzZiLTZhOTkwNjQ0 200
[debug] [2025-06-24T12:51:12.864Z] <<< [apiv2][body] GET https://cloudfunctions.googleapis.com/v1/operations/cHJvamVjdHMvYm9uZGZ5ci1kYTEyMy9sb2NhdGlvbnMvdXMtY2VudHJhbDEvb3BlcmF0aW9ucy9vcGVyYXRpb24tMTc1MDc2OTQ3MDY0NS02Mzg1MGM4NjFhNDg2LWU4ODMxNzZiLTZhOTkwNjQ0 {"name":"operations/cHJvamVjdHMvYm9uZGZ5ci1kYTEyMy9sb2NhdGlvbnMvdXMtY2VudHJhbDEvb3BlcmF0aW9ucy9vcGVyYXRpb24tMTc1MDc2OTQ3MDY0NS02Mzg1MGM4NjFhNDg2LWU4ODMxNzZiLTZhOTkwNjQ0","metadata":{"@type":"type.googleapis.com/google.cloud.functions.v1.OperationMetadataV1","target":"projects/bondfyr-da123/locations/us-central1/functions/lemonSqueezyWebhook","type":"CREATE_FUNCTION","request":{"@type":"type.googleapis.com/google.cloud.functions.v1.CloudFunction","name":"projects/bondfyr-da123/locations/us-central1/functions/lemonSqueezyWebhook","httpsTrigger":{"securityLevel":"SECURE_ALWAYS"},"entryPoint":"lemonSqueezyWebhook","updateTime":"1970-01-01T00:00:00Z","labels":{"deployment-tool":"cli-firebase","firebase-functions-hash":"7acab642b1f1bda2c6327c2ca745edb65be37d7b"},"sourceUploadUrl":"https://storage.googleapis.com/uploads-292694858388.us-central1.cloudfunctions.appspot.com/496297ef-0d7c-4312-99a1-c58f900f0f84.zip?GoogleAccessId=service-210827083189@gcf-admin-robot.iam.gserviceaccount.com&Expires=1750770858&Signature=lhwj5b1wc4DFm%2FBoNus%2B6HVXxCey0QLZJnb7hPjusEjuc%2B2c23QFbFBfcwSR8AoCjE4PdZaMGUMH8ZjmXtAt807Qr0eK93vTxfYMqXezw5ZjOVcXOjeH0cVLINqO6fxL5W%2BDd2Oo08ticn7srgZq%2FR%2FuWo0q5Ce8WcWu5M6dkvJ%2B8Q4dAFaQeJmXTWx6nvWRmYvVl4NDlQCVHK%2B3rNJajE%2F5rTQIpeS3mOu9NoW6qYf%2FycDeR3fdZaSAixi9n56nKoDr%2FLt12IAQXUs6AmT7pYviUnNYPvtdUEchMsl98mI7VdfFXhINfJQg2A%2BkhY8fv5KRI5b1O0ymwTcf8nrqyA%3D%3D","environmentVariables":{"FIREBASE_CONFIG":"{\"projectId\":\"bondfyr-da123\",\"storageBucket\":\"bondfyr-da123.firebasestorage.app\"}","GCLOUD_PROJECT":"bondfyr-da123","EVENTARC_CLOUD_EVENT_SOURCE":"projects/bondfyr-da123/locations/us-central1/functions/lemonSqueezyWebhook"},"runtime":"nodejs18","buildEnvironmentVariables":{"GOOGLE_NODE_RUN_SCRIPTS":""},"dockerRegistry":"ARTIFACT_REGISTRY"},"versionId":"1","updateTime":"2025-06-24T12:51:11.224476824Z"}}
[debug] [2025-06-24T12:51:13.866Z] [create-default-us-central1-lemonSqueezyWebhook] Retrying task index 0
[debug] [2025-06-24T12:51:13.867Z] Checked if tokens are valid: true, expires at: 1750772615542
[debug] [2025-06-24T12:51:13.867Z] Checked if tokens are valid: true, expires at: 1750772615542
[debug] [2025-06-24T12:51:13.867Z] >>> [apiv2][query] GET https://cloudfunctions.googleapis.com/v1/operations/cHJvamVjdHMvYm9uZGZ5ci1kYTEyMy9sb2NhdGlvbnMvdXMtY2VudHJhbDEvb3BlcmF0aW9ucy9vcGVyYXRpb24tMTc1MDc2OTQ3MDY0NS02Mzg1MGM4NjFhNDg2LWU4ODMxNzZiLTZhOTkwNjQ0 [none]
[debug] [2025-06-24T12:51:14.292Z] <<< [apiv2][status] GET https://cloudfunctions.googleapis.com/v1/operations/cHJvamVjdHMvYm9uZGZ5ci1kYTEyMy9sb2NhdGlvbnMvdXMtY2VudHJhbDEvb3BlcmF0aW9ucy9vcGVyYXRpb24tMTc1MDc2OTQ3MDY0NS02Mzg1MGM4NjFhNDg2LWU4ODMxNzZiLTZhOTkwNjQ0 200
[debug] [2025-06-24T12:51:14.292Z] <<< [apiv2][body] GET https://cloudfunctions.googleapis.com/v1/operations/cHJvamVjdHMvYm9uZGZ5ci1kYTEyMy9sb2NhdGlvbnMvdXMtY2VudHJhbDEvb3BlcmF0aW9ucy9vcGVyYXRpb24tMTc1MDc2OTQ3MDY0NS02Mzg1MGM4NjFhNDg2LWU4ODMxNzZiLTZhOTkwNjQ0 {"name":"operations/cHJvamVjdHMvYm9uZGZ5ci1kYTEyMy9sb2NhdGlvbnMvdXMtY2VudHJhbDEvb3BlcmF0aW9ucy9vcGVyYXRpb24tMTc1MDc2OTQ3MDY0NS02Mzg1MGM4NjFhNDg2LWU4ODMxNzZiLTZhOTkwNjQ0","metadata":{"@type":"type.googleapis.com/google.cloud.functions.v1.OperationMetadataV1","target":"projects/bondfyr-da123/locations/us-central1/functions/lemonSqueezyWebhook","type":"CREATE_FUNCTION","request":{"@type":"type.googleapis.com/google.cloud.functions.v1.CloudFunction","name":"projects/bondfyr-da123/locations/us-central1/functions/lemonSqueezyWebhook","httpsTrigger":{"securityLevel":"SECURE_ALWAYS"},"entryPoint":"lemonSqueezyWebhook","updateTime":"1970-01-01T00:00:00Z","labels":{"deployment-tool":"cli-firebase","firebase-functions-hash":"7acab642b1f1bda2c6327c2ca745edb65be37d7b"},"sourceUploadUrl":"https://storage.googleapis.com/uploads-292694858388.us-central1.cloudfunctions.appspot.com/496297ef-0d7c-4312-99a1-c58f900f0f84.zip?GoogleAccessId=service-210827083189@gcf-admin-robot.iam.gserviceaccount.com&Expires=1750770858&Signature=lhwj5b1wc4DFm%2FBoNus%2B6HVXxCey0QLZJnb7hPjusEjuc%2B2c23QFbFBfcwSR8AoCjE4PdZaMGUMH8ZjmXtAt807Qr0eK93vTxfYMqXezw5ZjOVcXOjeH0cVLINqO6fxL5W%2BDd2Oo08ticn7srgZq%2FR%2FuWo0q5Ce8WcWu5M6dkvJ%2B8Q4dAFaQeJmXTWx6nvWRmYvVl4NDlQCVHK%2B3rNJajE%2F5rTQIpeS3mOu9NoW6qYf%2FycDeR3fdZaSAixi9n56nKoDr%2FLt12IAQXUs6AmT7pYviUnNYPvtdUEchMsl98mI7VdfFXhINfJQg2A%2BkhY8fv5KRI5b1O0ymwTcf8nrqyA%3D%3D","environmentVariables":{"FIREBASE_CONFIG":"{\"projectId\":\"bondfyr-da123\",\"storageBucket\":\"bondfyr-da123.firebasestorage.app\"}","GCLOUD_PROJECT":"bondfyr-da123","EVENTARC_CLOUD_EVENT_SOURCE":"projects/bondfyr-da123/locations/us-central1/functions/lemonSqueezyWebhook"},"runtime":"nodejs18","buildEnvironmentVariables":{"GOOGLE_NODE_RUN_SCRIPTS":""},"dockerRegistry":"ARTIFACT_REGISTRY"},"versionId":"1","updateTime":"2025-06-24T12:51:11.224476824Z"}}
[debug] [2025-06-24T12:51:16.294Z] [create-default-us-central1-lemonSqueezyWebhook] Retrying task index 0
[debug] [2025-06-24T12:51:16.295Z] Checked if tokens are valid: true, expires at: 1750772615542
[debug] [2025-06-24T12:51:16.295Z] Checked if tokens are valid: true, expires at: 1750772615542
[debug] [2025-06-24T12:51:16.295Z] >>> [apiv2][query] GET https://cloudfunctions.googleapis.com/v1/operations/cHJvamVjdHMvYm9uZGZ5ci1kYTEyMy9sb2NhdGlvbnMvdXMtY2VudHJhbDEvb3BlcmF0aW9ucy9vcGVyYXRpb24tMTc1MDc2OTQ3MDY0NS02Mzg1MGM4NjFhNDg2LWU4ODMxNzZiLTZhOTkwNjQ0 [none]
[debug] [2025-06-24T12:51:16.746Z] <<< [apiv2][status] GET https://cloudfunctions.googleapis.com/v1/operations/cHJvamVjdHMvYm9uZGZ5ci1kYTEyMy9sb2NhdGlvbnMvdXMtY2VudHJhbDEvb3BlcmF0aW9ucy9vcGVyYXRpb24tMTc1MDc2OTQ3MDY0NS02Mzg1MGM4NjFhNDg2LWU4ODMxNzZiLTZhOTkwNjQ0 200
[debug] [2025-06-24T12:51:16.746Z] <<< [apiv2][body] GET https://cloudfunctions.googleapis.com/v1/operations/cHJvamVjdHMvYm9uZGZ5ci1kYTEyMy9sb2NhdGlvbnMvdXMtY2VudHJhbDEvb3BlcmF0aW9ucy9vcGVyYXRpb24tMTc1MDc2OTQ3MDY0NS02Mzg1MGM4NjFhNDg2LWU4ODMxNzZiLTZhOTkwNjQ0 {"name":"operations/cHJvamVjdHMvYm9uZGZ5ci1kYTEyMy9sb2NhdGlvbnMvdXMtY2VudHJhbDEvb3BlcmF0aW9ucy9vcGVyYXRpb24tMTc1MDc2OTQ3MDY0NS02Mzg1MGM4NjFhNDg2LWU4ODMxNzZiLTZhOTkwNjQ0","metadata":{"@type":"type.googleapis.com/google.cloud.functions.v1.OperationMetadataV1","target":"projects/bondfyr-da123/locations/us-central1/functions/lemonSqueezyWebhook","type":"CREATE_FUNCTION","request":{"@type":"type.googleapis.com/google.cloud.functions.v1.CloudFunction","name":"projects/bondfyr-da123/locations/us-central1/functions/lemonSqueezyWebhook","httpsTrigger":{"securityLevel":"SECURE_ALWAYS"},"entryPoint":"lemonSqueezyWebhook","updateTime":"1970-01-01T00:00:00Z","labels":{"deployment-tool":"cli-firebase","firebase-functions-hash":"7acab642b1f1bda2c6327c2ca745edb65be37d7b"},"sourceUploadUrl":"https://storage.googleapis.com/uploads-292694858388.us-central1.cloudfunctions.appspot.com/496297ef-0d7c-4312-99a1-c58f900f0f84.zip?GoogleAccessId=service-210827083189@gcf-admin-robot.iam.gserviceaccount.com&Expires=1750770858&Signature=lhwj5b1wc4DFm%2FBoNus%2B6HVXxCey0QLZJnb7hPjusEjuc%2B2c23QFbFBfcwSR8AoCjE4PdZaMGUMH8ZjmXtAt807Qr0eK93vTxfYMqXezw5ZjOVcXOjeH0cVLINqO6fxL5W%2BDd2Oo08ticn7srgZq%2FR%2FuWo0q5Ce8WcWu5M6dkvJ%2B8Q4dAFaQeJmXTWx6nvWRmYvVl4NDlQCVHK%2B3rNJajE%2F5rTQIpeS3mOu9NoW6qYf%2FycDeR3fdZaSAixi9n56nKoDr%2FLt12IAQXUs6AmT7pYviUnNYPvtdUEchMsl98mI7VdfFXhINfJQg2A%2BkhY8fv5KRI5b1O0ymwTcf8nrqyA%3D%3D","environmentVariables":{"FIREBASE_CONFIG":"{\"projectId\":\"bondfyr-da123\",\"storageBucket\":\"bondfyr-da123.firebasestorage.app\"}","GCLOUD_PROJECT":"bondfyr-da123","EVENTARC_CLOUD_EVENT_SOURCE":"projects/bondfyr-da123/locations/us-central1/functions/lemonSqueezyWebhook"},"runtime":"nodejs18","buildEnvironmentVariables":{"GOOGLE_NODE_RUN_SCRIPTS":""},"dockerRegistry":"ARTIFACT_REGISTRY"},"versionId":"1","updateTime":"2025-06-24T12:51:11.224476824Z","buildId":"3b0550e0-57cd-4b02-80ec-ab41545a993a","buildName":"projects/210827083189/locations/us-central1/builds/3b0550e0-57cd-4b02-80ec-ab41545a993a"}}
[debug] [2025-06-24T12:51:20.747Z] [create-default-us-central1-lemonSqueezyWebhook] Retrying task index 0
[debug] [2025-06-24T12:51:20.748Z] Checked if tokens are valid: true, expires at: 1750772615542
[debug] [2025-06-24T12:51:20.748Z] Checked if tokens are valid: true, expires at: 1750772615542
[debug] [2025-06-24T12:51:20.748Z] >>> [apiv2][query] GET https://cloudfunctions.googleapis.com/v1/operations/cHJvamVjdHMvYm9uZGZ5ci1kYTEyMy9sb2NhdGlvbnMvdXMtY2VudHJhbDEvb3BlcmF0aW9ucy9vcGVyYXRpb24tMTc1MDc2OTQ3MDY0NS02Mzg1MGM4NjFhNDg2LWU4ODMxNzZiLTZhOTkwNjQ0 [none]
[debug] [2025-06-24T12:51:21.290Z] <<< [apiv2][status] GET https://cloudfunctions.googleapis.com/v1/operations/cHJvamVjdHMvYm9uZGZ5ci1kYTEyMy9sb2NhdGlvbnMvdXMtY2VudHJhbDEvb3BlcmF0aW9ucy9vcGVyYXRpb24tMTc1MDc2OTQ3MDY0NS02Mzg1MGM4NjFhNDg2LWU4ODMxNzZiLTZhOTkwNjQ0 200
[debug] [2025-06-24T12:51:21.290Z] <<< [apiv2][body] GET https://cloudfunctions.googleapis.com/v1/operations/cHJvamVjdHMvYm9uZGZ5ci1kYTEyMy9sb2NhdGlvbnMvdXMtY2VudHJhbDEvb3BlcmF0aW9ucy9vcGVyYXRpb24tMTc1MDc2OTQ3MDY0NS02Mzg1MGM4NjFhNDg2LWU4ODMxNzZiLTZhOTkwNjQ0 {"name":"operations/cHJvamVjdHMvYm9uZGZ5ci1kYTEyMy9sb2NhdGlvbnMvdXMtY2VudHJhbDEvb3BlcmF0aW9ucy9vcGVyYXRpb24tMTc1MDc2OTQ3MDY0NS02Mzg1MGM4NjFhNDg2LWU4ODMxNzZiLTZhOTkwNjQ0","metadata":{"@type":"type.googleapis.com/google.cloud.functions.v1.OperationMetadataV1","target":"projects/bondfyr-da123/locations/us-central1/functions/lemonSqueezyWebhook","type":"CREATE_FUNCTION","request":{"@type":"type.googleapis.com/google.cloud.functions.v1.CloudFunction","name":"projects/bondfyr-da123/locations/us-central1/functions/lemonSqueezyWebhook","httpsTrigger":{"securityLevel":"SECURE_ALWAYS"},"entryPoint":"lemonSqueezyWebhook","updateTime":"1970-01-01T00:00:00Z","labels":{"deployment-tool":"cli-firebase","firebase-functions-hash":"7acab642b1f1bda2c6327c2ca745edb65be37d7b"},"sourceUploadUrl":"https://storage.googleapis.com/uploads-292694858388.us-central1.cloudfunctions.appspot.com/496297ef-0d7c-4312-99a1-c58f900f0f84.zip?GoogleAccessId=service-210827083189@gcf-admin-robot.iam.gserviceaccount.com&Expires=1750770858&Signature=lhwj5b1wc4DFm%2FBoNus%2B6HVXxCey0QLZJnb7hPjusEjuc%2B2c23QFbFBfcwSR8AoCjE4PdZaMGUMH8ZjmXtAt807Qr0eK93vTxfYMqXezw5ZjOVcXOjeH0cVLINqO6fxL5W%2BDd2Oo08ticn7srgZq%2FR%2FuWo0q5Ce8WcWu5M6dkvJ%2B8Q4dAFaQeJmXTWx6nvWRmYvVl4NDlQCVHK%2B3rNJajE%2F5rTQIpeS3mOu9NoW6qYf%2FycDeR3fdZaSAixi9n56nKoDr%2FLt12IAQXUs6AmT7pYviUnNYPvtdUEchMsl98mI7VdfFXhINfJQg2A%2BkhY8fv5KRI5b1O0ymwTcf8nrqyA%3D%3D","environmentVariables":{"FIREBASE_CONFIG":"{\"projectId\":\"bondfyr-da123\",\"storageBucket\":\"bondfyr-da123.firebasestorage.app\"}","GCLOUD_PROJECT":"bondfyr-da123","EVENTARC_CLOUD_EVENT_SOURCE":"projects/bondfyr-da123/locations/us-central1/functions/lemonSqueezyWebhook"},"runtime":"nodejs18","buildEnvironmentVariables":{"GOOGLE_NODE_RUN_SCRIPTS":""},"dockerRegistry":"ARTIFACT_REGISTRY"},"versionId":"1","updateTime":"2025-06-24T12:51:11.224476824Z","buildId":"3b0550e0-57cd-4b02-80ec-ab41545a993a","buildName":"projects/210827083189/locations/us-central1/builds/3b0550e0-57cd-4b02-80ec-ab41545a993a"}}
[debug] [2025-06-24T12:51:29.291Z] [create-default-us-central1-lemonSqueezyWebhook] Retrying task index 0
[debug] [2025-06-24T12:51:29.292Z] Checked if tokens are valid: true, expires at: 1750772615542
[debug] [2025-06-24T12:51:29.292Z] Checked if tokens are valid: true, expires at: 1750772615542
[debug] [2025-06-24T12:51:29.292Z] >>> [apiv2][query] GET https://cloudfunctions.googleapis.com/v1/operations/cHJvamVjdHMvYm9uZGZ5ci1kYTEyMy9sb2NhdGlvbnMvdXMtY2VudHJhbDEvb3BlcmF0aW9ucy9vcGVyYXRpb24tMTc1MDc2OTQ3MDY0NS02Mzg1MGM4NjFhNDg2LWU4ODMxNzZiLTZhOTkwNjQ0 [none]
[debug] [2025-06-24T12:51:30.048Z] <<< [apiv2][status] GET https://cloudfunctions.googleapis.com/v1/operations/cHJvamVjdHMvYm9uZGZ5ci1kYTEyMy9sb2NhdGlvbnMvdXMtY2VudHJhbDEvb3BlcmF0aW9ucy9vcGVyYXRpb24tMTc1MDc2OTQ3MDY0NS02Mzg1MGM4NjFhNDg2LWU4ODMxNzZiLTZhOTkwNjQ0 200
[debug] [2025-06-24T12:51:30.049Z] <<< [apiv2][body] GET https://cloudfunctions.googleapis.com/v1/operations/cHJvamVjdHMvYm9uZGZ5ci1kYTEyMy9sb2NhdGlvbnMvdXMtY2VudHJhbDEvb3BlcmF0aW9ucy9vcGVyYXRpb24tMTc1MDc2OTQ3MDY0NS02Mzg1MGM4NjFhNDg2LWU4ODMxNzZiLTZhOTkwNjQ0 {"name":"operations/cHJvamVjdHMvYm9uZGZ5ci1kYTEyMy9sb2NhdGlvbnMvdXMtY2VudHJhbDEvb3BlcmF0aW9ucy9vcGVyYXRpb24tMTc1MDc2OTQ3MDY0NS02Mzg1MGM4NjFhNDg2LWU4ODMxNzZiLTZhOTkwNjQ0","metadata":{"@type":"type.googleapis.com/google.cloud.functions.v1.OperationMetadataV1","target":"projects/bondfyr-da123/locations/us-central1/functions/lemonSqueezyWebhook","type":"CREATE_FUNCTION","request":{"@type":"type.googleapis.com/google.cloud.functions.v1.CloudFunction","name":"projects/bondfyr-da123/locations/us-central1/functions/lemonSqueezyWebhook","httpsTrigger":{"securityLevel":"SECURE_ALWAYS"},"entryPoint":"lemonSqueezyWebhook","updateTime":"1970-01-01T00:00:00Z","labels":{"deployment-tool":"cli-firebase","firebase-functions-hash":"7acab642b1f1bda2c6327c2ca745edb65be37d7b"},"sourceUploadUrl":"https://storage.googleapis.com/uploads-292694858388.us-central1.cloudfunctions.appspot.com/496297ef-0d7c-4312-99a1-c58f900f0f84.zip?GoogleAccessId=service-210827083189@gcf-admin-robot.iam.gserviceaccount.com&Expires=1750770858&Signature=lhwj5b1wc4DFm%2FBoNus%2B6HVXxCey0QLZJnb7hPjusEjuc%2B2c23QFbFBfcwSR8AoCjE4PdZaMGUMH8ZjmXtAt807Qr0eK93vTxfYMqXezw5ZjOVcXOjeH0cVLINqO6fxL5W%2BDd2Oo08ticn7srgZq%2FR%2FuWo0q5Ce8WcWu5M6dkvJ%2B8Q4dAFaQeJmXTWx6nvWRmYvVl4NDlQCVHK%2B3rNJajE%2F5rTQIpeS3mOu9NoW6qYf%2FycDeR3fdZaSAixi9n56nKoDr%2FLt12IAQXUs6AmT7pYviUnNYPvtdUEchMsl98mI7VdfFXhINfJQg2A%2BkhY8fv5KRI5b1O0ymwTcf8nrqyA%3D%3D","environmentVariables":{"FIREBASE_CONFIG":"{\"projectId\":\"bondfyr-da123\",\"storageBucket\":\"bondfyr-da123.firebasestorage.app\"}","GCLOUD_PROJECT":"bondfyr-da123","EVENTARC_CLOUD_EVENT_SOURCE":"projects/bondfyr-da123/locations/us-central1/functions/lemonSqueezyWebhook"},"runtime":"nodejs18","buildEnvironmentVariables":{"GOOGLE_NODE_RUN_SCRIPTS":""},"dockerRegistry":"ARTIFACT_REGISTRY"},"versionId":"1","updateTime":"2025-06-24T12:51:11.224476824Z","buildId":"3b0550e0-57cd-4b02-80ec-ab41545a993a","buildName":"projects/210827083189/locations/us-central1/builds/3b0550e0-57cd-4b02-80ec-ab41545a993a"}}
[debug] [2025-06-24T12:51:40.051Z] [create-default-us-central1-lemonSqueezyWebhook] Retrying task index 0
[debug] [2025-06-24T12:51:40.052Z] Checked if tokens are valid: true, expires at: 1750772615542
[debug] [2025-06-24T12:51:40.052Z] Checked if tokens are valid: true, expires at: 1750772615542
[debug] [2025-06-24T12:51:40.052Z] >>> [apiv2][query] GET https://cloudfunctions.googleapis.com/v1/operations/cHJvamVjdHMvYm9uZGZ5ci1kYTEyMy9sb2NhdGlvbnMvdXMtY2VudHJhbDEvb3BlcmF0aW9ucy9vcGVyYXRpb24tMTc1MDc2OTQ3MDY0NS02Mzg1MGM4NjFhNDg2LWU4ODMxNzZiLTZhOTkwNjQ0 [none]
[debug] [2025-06-24T12:51:40.819Z] <<< [apiv2][status] GET https://cloudfunctions.googleapis.com/v1/operations/cHJvamVjdHMvYm9uZGZ5ci1kYTEyMy9sb2NhdGlvbnMvdXMtY2VudHJhbDEvb3BlcmF0aW9ucy9vcGVyYXRpb24tMTc1MDc2OTQ3MDY0NS02Mzg1MGM4NjFhNDg2LWU4ODMxNzZiLTZhOTkwNjQ0 200
[debug] [2025-06-24T12:51:40.819Z] <<< [apiv2][body] GET https://cloudfunctions.googleapis.com/v1/operations/cHJvamVjdHMvYm9uZGZ5ci1kYTEyMy9sb2NhdGlvbnMvdXMtY2VudHJhbDEvb3BlcmF0aW9ucy9vcGVyYXRpb24tMTc1MDc2OTQ3MDY0NS02Mzg1MGM4NjFhNDg2LWU4ODMxNzZiLTZhOTkwNjQ0 {"name":"operations/cHJvamVjdHMvYm9uZGZ5ci1kYTEyMy9sb2NhdGlvbnMvdXMtY2VudHJhbDEvb3BlcmF0aW9ucy9vcGVyYXRpb24tMTc1MDc2OTQ3MDY0NS02Mzg1MGM4NjFhNDg2LWU4ODMxNzZiLTZhOTkwNjQ0","metadata":{"@type":"type.googleapis.com/google.cloud.functions.v1.OperationMetadataV1","target":"projects/bondfyr-da123/locations/us-central1/functions/lemonSqueezyWebhook","type":"CREATE_FUNCTION","request":{"@type":"type.googleapis.com/google.cloud.functions.v1.CloudFunction","name":"projects/bondfyr-da123/locations/us-central1/functions/lemonSqueezyWebhook","httpsTrigger":{"securityLevel":"SECURE_ALWAYS"},"entryPoint":"lemonSqueezyWebhook","updateTime":"1970-01-01T00:00:00Z","labels":{"deployment-tool":"cli-firebase","firebase-functions-hash":"7acab642b1f1bda2c6327c2ca745edb65be37d7b"},"sourceUploadUrl":"https://storage.googleapis.com/uploads-292694858388.us-central1.cloudfunctions.appspot.com/496297ef-0d7c-4312-99a1-c58f900f0f84.zip?GoogleAccessId=service-210827083189@gcf-admin-robot.iam.gserviceaccount.com&Expires=1750770858&Signature=lhwj5b1wc4DFm%2FBoNus%2B6HVXxCey0QLZJnb7hPjusEjuc%2B2c23QFbFBfcwSR8AoCjE4PdZaMGUMH8ZjmXtAt807Qr0eK93vTxfYMqXezw5ZjOVcXOjeH0cVLINqO6fxL5W%2BDd2Oo08ticn7srgZq%2FR%2FuWo0q5Ce8WcWu5M6dkvJ%2B8Q4dAFaQeJmXTWx6nvWRmYvVl4NDlQCVHK%2B3rNJajE%2F5rTQIpeS3mOu9NoW6qYf%2FycDeR3fdZaSAixi9n56nKoDr%2FLt12IAQXUs6AmT7pYviUnNYPvtdUEchMsl98mI7VdfFXhINfJQg2A%2BkhY8fv5KRI5b1O0ymwTcf8nrqyA%3D%3D","environmentVariables":{"FIREBASE_CONFIG":"{\"projectId\":\"bondfyr-da123\",\"storageBucket\":\"bondfyr-da123.firebasestorage.app\"}","GCLOUD_PROJECT":"bondfyr-da123","EVENTARC_CLOUD_EVENT_SOURCE":"projects/bondfyr-da123/locations/us-central1/functions/lemonSqueezyWebhook"},"runtime":"nodejs18","buildEnvironmentVariables":{"GOOGLE_NODE_RUN_SCRIPTS":""},"dockerRegistry":"ARTIFACT_REGISTRY"},"versionId":"1","updateTime":"2025-06-24T12:51:11.224476824Z","buildId":"3b0550e0-57cd-4b02-80ec-ab41545a993a","buildName":"projects/210827083189/locations/us-central1/builds/3b0550e0-57cd-4b02-80ec-ab41545a993a"}}
